ALTKEY
APRINT
APRINT0
ASCII
BCOPY
BLANKS
BLPRINT
BOX0
BUTTONPRESS
CDIR
CHECKSUM
CHIME
CLEARSCR0
COMPACT
COMPARET
CTRLKEY
DATE2NUM
DCOUNT
DELETESTR
DOSERROR
DOSVER
EDATE2NUM
ENUM2DATE
ERRORMSG
EXENAME
EXIST
EXTENTS
FACTORIAL
FCLOSE
FCOUNT
FCREATE
FEOF
FGET
FGETA
FGETT
FILESIZE
FINDLAST
FLINPUT
FLOF
FOPEN
FPUT
FPUTA
FPUTT
FSEEK
FUDGEFACTOR
FUSING
GETCURSOR
GETDIR
GETDRIVE
GETVMODE
GOODDRIVE
HIDECURSOR
INCOUNT
INITMOUSE
INSERTSTR
INSTAT
KILLFILE
MAKEMONO
MAMENU
MASCIIPICK
MAXINT
MBUFFSIZE
MCOLORPICK
MEDITOR
MGETKEY
MGETSTATE
MININT
MONITOR
MOUSETRAP
MOVESCREEN
MPAINTBOX
MPRESTORE
MQPRINT
MSCRNREST
MSCRNSAVE
MSETSTATE
NULL
NUM2DATE
ONECOLOR
PAUSE
PAUSE3
PDQTIMER
PEEK1
PEEKBUF
PMATCH
PROPERNAME
QBLOAD
QBSAVE
QINSTRB
QPLEN
QPRINTRC
QPRTRIM
QPVALI
READDIR
READFILE
READSCRN0
REPLACECHAR
SCRN2STR
SCROLLD
SCROLLL
SCROLLR
SCROLLU
SETCURSOR
SETDRIVE
SETERROR
SHIFTKEY
SHOWCURSOR
SORTSTR
SPLITCOLOR
STUFFBUF
TEXTCURSOR
TEXTCURSOR
TRAPINT
WHICHERROR
WRITESCREEN
